782c2f8c-6474-4859-a653-e9c05761435b:1530 root 1712072269775
3ba6993c-dc54-4701-afeb-c57205ebc642:2697 root 1712072274834
ff4b1f53-138a-47ef-ad43-3ec2bb4d207b:149 root 1712072279854
6e6b07e6-7e38-4beb-a459-dda3ddf9fdad:227 root 1712081154149
f8be2669-1a35-4752-a06e-86f08635dafa:88 root 1712081159169
9fbdc4fe-1617-4743-a12f-3745de01a38b:46 root 1712084166550
dd97b539-0d79-4486-af3c-ba851cbc141a:613 root 1712127888532
df40b2cd-90df-410d-a677-fcfdce1d2355:127 root 1712127893562
89e95f2b-602b-4fc1-aea4-20e2885b99df:24 root 1712128028766
7b693201-1663-46da-a6ee-66f224369967:93 root 1712128033781
75f8f581-44f9-48ae-a56c-8e5a95c7715f:23 root 1712128113937
e9463272-dd9a-414f-a4da-22293a1f296f:86 root 1712128118972
a550fc58-fbc5-473e-a114-1c44adc1b288:88 root 1712128494594
1ec2c1e1-c7de-43ce-a286-b2e181d6a8bc:86 root 1712128589731
30860b5d-fd9c-4fdc-af8b-c3e73b0ffc9f:86 root 1712128815139
12d27df1-2ff6-4084-abb4-390781e6c4c6:23 root 1712128950351
8aa37d1f-e26f-4cf9-a95a-f38a364c4412:86 root 1712128955359
ca80229c-a882-4e0b-af32-0887e3d67125:86 root 1712128990433
28fc7a45-7e12-4f3e-ad9f-4debc4d25671:87 root 1712129025508
891cf25e-97be-45b9-aabd-98992badbf58:23 root 1712131163538
78b6f11b-dac9-4eb4-aa11-5b5c26b3aa1a:86 root 1712131168562
ab423603-c103-4a22-ac87-b74e7edd7f44:87 root 1712150991086
8b92574f-fc81-47ce-ad06-1a05f9687ae0:93 root 1712151031150
03453b9c-b71c-4c83-a043-91be68e6ea17:86 root 1712151126292
91767183-08b7-401b-a89e-cb73435bfdc3:46 root 1712164807625
5190566d-39e1-437b-a534-a27495914f34:529 root 1712215631549
7625c944-36b5-4549-a943-ecacd71a8cad:116 root 1712215636558
d8d3af8e-364c-47b5-aca8-85d1442c5152:130 root 1712215851929
f47bac0e-63be-4da6-a617-79d9e20bb7ba:88 root 1712215856961
61fc2e10-0630-4f96-a0e9-2abd2a38865f:49 root 1712215922076
64d4d1d9-2116-4f9c-ad6b-487a90228d27:49 root 1712215927107
43af202c-bf0e-4203-a0d5-5dbba24d7cd9:77 root 1712215932127
ba0fb6b9-7c7c-42ea-a0c7-daf9f05d0f87:95 root 1712215977203
ec06c250-1e77-4403-ab5c-21d59fa59fef:92 root 1712215982227
a9bf3cc9-77a6-4f6a-af27-965ed0f3aa88:32 root 1712216032300
70a589b3-d06b-46e6-af23-7c7d35090dfc:88 root 1712216037330
3290d5e1-05d4-46d3-ab82-37eb9588ae8f:41 root 1712216483040
f7523306-4da5-4e25-a672-81a7b7d4e319:86 root 1712216488065
d2db1dec-0544-487a-af19-5a9ea5cef0f5:86 root 1712216523128
521c6307-5155-4b53-a814-6860969f55da:16 root 1712216558192
08ec0dd8-5e4f-4ae8-a355-74fec11783da:86 root 1712216563205
e4735cc1-1e06-4383-a062-9a0b3ae56e5f:85 root 1712216578250
93e6fb17-41e8-43d5-ada3-467cc3940fdd:86 root 1712216593278
5e7eed76-fc16-4564-a7ce-3d73ba589437:86 root 1712216653365
b9070bd3-19c8-4d08-ac7a-ab589f04022c:87 root 1712216673409
34f9816d-74fd-4f45-adac-7476f7fb57d1:17 root 1712217199284
b58a896f-7b5d-429d-a592-9a52383757f9:85 root 1712217204307
2121c628-ea89-4103-aeff-6669c2ac381e:22 root 1712217269409
d385c4e5-7186-47ae-ab60-6d9cbab96559:91 root 1712217274437
68b7739d-3a1c-4c0d-ad2b-519c52974a3b:72 root 1712219208009
245a4759-8f6c-4026-ad6c-79e473a308e3:86 root 1712219218025
83923e50-5e52-41d9-abfe-fd399b950cbf:86 root 1712219278055
186745c5-bb6c-4d93-a183-efeab0415f66:86 root 1712219858213
71211a8c-d8d4-4ccc-a6a1-62898066a109:86 root 1712219868229
16872b27-18bd-4ae1-aed6-83dadad856fb:74 root 1712220098300
d1002731-6514-42c4-a4b3-7c27e508e4dc:86 root 1712220103314
3f80b98b-410e-4e34-af8c-6152ae523c4f:20 root 1712235560846
faf37690-6cc9-42c2-a51a-153b33b7a9e0:86 root 1712235565872
0f4d5829-5ad9-4438-ac3f-4228382f2d09:86 root 1712235595955
db158e3a-062d-4d60-ac70-0c0ba1cb32a7:17 root 1712235746227
902a7686-834c-4758-a7e8-1c6348be96ac:86 root 1712235751243
5aaed29b-6c72-4f0c-a5c1-ba30f26bf658:17 root 1712235911491
a529a466-ac34-4fab-a427-81f740692598:85 root 1712235916507
4e5c2e96-ca2b-436b-a867-cbe1505c3669:16 root 1712235921533
9a603b41-bd28-49c1-a088-151765f9f7e0:85 root 1712235926557
da0f87cf-cc90-49c8-a801-e28e36e64551:17 root 1712235986652
694ee716-85ea-4edd-a23e-329eb6a3ba6f:86 root 1712235991672
0529c327-ae21-4dc1-a911-2b7bdff955c6:22 root 1712236086861
275029aa-0f60-4129-a877-b69791a6d894:86 root 1712236091887
f88477ee-91b5-47da-aa26-542a3312fa46:22 root 1712236141968
78d95d18-00e4-473a-a61a-b53d79bb1dcf:86 root 1712236146993
19a2528e-1b3e-4c56-ad10-dd727176c8cf:18 root 1712236762918
89062ff9-1f1c-4f43-ae16-513bcf23bdf9:86 root 1712236767937
33227f2f-829c-4253-af98-80474926a0df:85 root 1712236808010
7538a5ea-9f75-4fca-a001-c0e3329b43cd:17 root 1712236878123
aa40bf15-01c2-4b16-a882-c8671752e812:85 root 1712236883146
ff7e32c9-4ad5-4b42-a7dc-d1e4db4c8753:17 root 1712237744474
ee8732d8-2101-4133-a8cc-6962dfa9378a:86 root 1712237749497
5b72b7c2-138c-4189-a50d-248d48578a90:86 root 1712237784570
345aaa38-5756-4526-a830-815854362f9e:86 root 1712237819646
2f7bafe6-4a6d-4899-a295-cdf399017b43:22 root 1712237869732
a6d7bd1b-9e35-45fd-a238-033c87df1c66:86 root 1712237874757
de1dd8ed-4d18-4cbf-a81d-ceb48dafd342:22 root 1712242060108
3d03ebe8-c737-4735-a6bb-5e1e5b13f3f4:86 root 1712242065121
8a7a31fe-7a4d-4f2b-a2e2-4ed9b968ab1a:17 root 1712242555880
eb8083a6-10c8-400b-a110-722f70f4ff03:85 root 1712242560905
b6339df0-5bca-434a-a300-67eb2693ac3d:22 root 1712243206646
8dbfa444-c111-4b21-a13d-82688c81b1a2:85 root 1712243211649
5f36c285-c8f7-41f9-aea2-9ed02c4da827:22 root 1712243566744
45859fde-ecfc-4a86-a179-465e9676d18b:85 root 1712243571758
ffeedc2b-1211-4f40-a7f5-9303f3183b60:86 root 1712243631779
bf386347-e85f-4e36-ab48-3eee46d91ff2:86 root 1712251645508
ba348c13-2377-4d26-ac07-9d20a17011d7:92 root 1712251670527
d6e33f8f-edc6-4ee6-a6c5-b463e41d4b39:19 root 1712251700545
8744c831-1cee-4ea4-a055-04835a0fcb20:86 root 1712251705558
e40e9eb6-09a3-40e1-aba4-d4b36ba2fe88:16 root 1712251780591
3dbdfbc6-c767-4d89-a6be-de00819f49ca:86 root 1712251785607
7087d5af-13c3-4d6b-a11c-8ab4bb25ba49:45 root 1712251790610
7f4d8f16-2e95-40de-ac57-d64ddc2c31db:77 root 1712251795622
9bfdfada-c0a3-43af-a27d-db553cf3c721:16 root 1712251880655
6a1b1bd5-4e70-401b-a8d4-4e422a0d3f16:30 root 1712251960685
254ae171-56f6-467a-a241-3888b48c207f:86 root 1712251965689
acf70e36-c4f9-457d-ae75-cf322799b9fb:31 root 1712251975704
5af493b0-124e-49f8-a949-ef70f754eafc:86 root 1712251980708
da52d099-ae78-464b-ab50-5ff597e0137f:27 root 1712252080746
ba7d3d29-8ddb-45e7-a2c7-a406490998f5:86 root 1712252085752
36d059fb-ee3e-439a-aec2-c4912a75a60a:17 root 1712252180789
a7143972-f6b9-478d-afc1-f30f492169ee:110 root 1712252185803
b36b1f9a-7473-423a-a974-56ee15cb3026:18 root 1712252230827
2d1dd979-01a0-4ecf-ac71-9f1b6f0edbd0:98 root 1712252235841
5298fd10-b920-4aa0-abf6-e1064f0c7913:16 root 1712252550930
2022a188-5c52-4e49-a8eb-3234127a5621:94 root 1712252555934
380c47dc-1499-4a7b-acda-380c2ee86003:62 root 1712252640968
6d7b67fe-6dc2-4ad6-a4bd-b80362535c6e:91 root 1712252645973
9ee48337-afd9-43da-af6c-f9ea1805ac79:82 root 1712252675980
d64801ef-7e54-45dd-a53f-4fa660a0c2ea:96 root 1712252680994
29892e58-ebd5-4a8a-a9f9-4221ea0cb17e:85 root 1712252701011
aad888b7-99f9-4173-a504-08151bf5d4e7:94 root 1712252706016
c7f4d68d-7656-4c0e-a670-10b2c217185e:37 root 1712253046187
9a34a08b-afa8-4a11-ad48-79e346af8383:50 root 1712253051213
fcf55c76-b119-4ad8-a6c5-bd1673f38aa7:72 root 1712253056230
6771cb3c-42ea-4e3f-a7de-5a29dd40af47:86 root 1712253066258
ea0de79b-e313-4148-a841-c2c34596ff28:47 root 1712253240265
306c442f-4466-4374-afa1-aca80f57bd8d:529 root 1712337161246
c692024d-fdaa-4497-afa0-441516447c9e:121 root 1712337166265
d088b4fc-288a-4981-abd0-36b5bf6e21c5:210 root 1712340892557
dcd1277c-792e-45bc-a453-8f6f87c585bf:106 root 1712340897572
cae6d5c2-da74-4e64-af22-6c083f2e5fb4:101 root 1712340932599
d93f2d9b-fb84-42ea-ab84-99d94e03756b:92 root 1712340992626
40984e05-9eec-4287-a2a5-4333cc8a1576:92 root 1712340997629
3753daa4-a9ae-4026-ac4d-1b1f6905f960:135 root 1712342372985
7ff2610f-ba2b-4391-af3e-c3cadc6e5a4c:87 root 1712342392999
8a5e6c71-efb4-4a8e-a281-1539717893dd:92 root 1712342418010
d1c4223c-a615-45a7-a97e-980575a05dfe:92 root 1712342428026
426db4e2-ab79-4169-ab6f-5452c0b3bea6:90 root 1712342443035
0cc5319f-4aca-4769-aa61-863c313a04c6:30 root 1712342483057
3692225b-e6b6-4642-a129-b868a4fca7d7:86 root 1712342488077
49d4daa3-5398-4d69-ae6d-f7ad25212beb:19 root 1712343073230
d88bea66-bc54-4b7e-ad00-69ba3a6f0992:86 root 1712343078235
58c17380-2075-499c-ae08-043a89b2e1a3:26 root 1712343163265
cde5a82f-9d5f-4a49-a8ca-df3bfba307d9:86 root 1712343168279
e4583494-d558-4296-a21f-3f85e64eaa71:25 root 1712343213302
eefe3adf-2c02-4882-a2fc-3b11f2fb0499:86 root 1712343218307
5b2ec1b9-ba39-459b-af4b-785de63de33f:47 root 1712344334041
262ff4d6-0bd5-4387-aeff-b6fb0ded03d6:529 root 1712503147054
4eab41b6-b997-4b3b-ac5c-1935b9cffd40:121 root 1712503152063
89d7aa79-246d-415b-a1f7-1a375304a85c:94 root 1712504569010
a01a3367-9ae2-420d-afc0-236e6d6f312b:84 root 1712514374705
9c828ba5-badb-4b87-a187-b49829e64e3f:105 root 1712514379724
cb067494-bde9-400d-a5ca-d1c143d2a783:23 root 1712514429790
a9bf2379-ce6d-4053-a8cc-943ed13b4c09:99 root 1712514434814
b5986721-9d6f-4025-a439-93c47bf33a42:46 root 1712517523451
d867e91d-5f76-4d88-a496-6b88139d4bd2:529 root 1712557929879
9de8aa2f-6e96-458f-a22f-db8c15849498:123 root 1712557934856
2b5cde8d-13ab-4772-a616-5bedec3b5f67:96 root 1712558589211
1f7c48da-8992-48c8-afa8-7c50afa6ff25:46 root 1712558614252
fd0dc67c-af17-4a1d-a2d0-407ce24b77b6:94 root 1712558619267
6cd17737-2a03-4d6d-a8ba-74bd22130b31:118 root 1712559145153
e165c20b-2857-43ea-a30e-f5c72e4e41f5:136 root 1712559150187
cc75c54a-d515-4de5-a68c-04d3f0b99afa:49 root 1712559155203
abd6d175-9817-4b2a-a7b9-86fd32627d95:48 root 1712559160213
ab208e40-64e8-4230-a0f7-106ec536970e:78 root 1712559165229
3cd4c16e-3998-4c96-ac8f-cdaad90e0b94:22 root 1712559180267
bad11f8c-695e-4c82-a929-da0ce5dd8243:91 root 1712559185286
ce82231b-d41e-4d6b-af9c-1a63ed59ffaa:91 root 1712559200311
3ee110c1-ad1c-47d2-a04b-d6b56e3033aa:46 root 1712559325500
0965a8a0-676e-43a8-a414-3469062b82b0:77 root 1712559330515
0b41dcd2-2a61-42f9-a60e-3e0fbbe4c4fd:47 root 1712559367912
249bd01c-62c0-440f-aba0-791a93f0cb69:577 root 1712559395298
3885f143-b3bd-4b2a-a390-31bbca8f613f:121 root 1712559400319
e657e811-159d-4083-af64-5b2e48cd418c:46 root 1712560777189
7bb5aee9-f1be-4f37-ab1c-185cd6f8217e:537 root 1712561253034
9e8bb27f-5a94-4990-ae09-26e90799f469:121 root 1712561258056
d16341ab-dd35-4bea-aacf-35f807507757:47 root 1712562020644
3b4cfd2b-66a4-4c48-aad8-287b3f2ea9b8:592 root 1712562083058
f8c2bee0-4b48-4bab-ac3b-22d1f7ca4c4e:121 root 1712562088070
651d1129-45c9-4cd7-a048-be6ad7f102df:46 root 1712562636873
1d836f87-53c8-47e5-a615-8e94e9bd3942:520 root 1712562719726
b6d44445-e3d8-4901-ab37-f7677c1a3195:115 root 1712562724741
91934f71-e033-4ed6-a5f6-433699b24471:47 root 1712562834038
eaa7aa5a-9979-4996-aeda-c54a67b8790f:520 root 1712562892532
88d9d237-0373-4522-a9c8-3c16734dd63e:115 root 1712562897555
9bbff4a8-22c5-48b2-a50d-69ee00000498:36 root 1712563012746
0c03906a-3419-4ef6-aa23-33a50f931407:88 root 1712563017771
0ae9eb79-bf38-4064-a222-01fee72c415e:41 root 1712563027787
eac222d4-e5f6-42e1-a9e3-d523f20a3e84:87 root 1712563032821
e83c77ee-02dd-4e95-a498-50da045a5fca:47 root 1712563047857
fe1014d6-6db1-4fcc-a3f6-0010acae9876:520 root 1712563132757
90636bb7-dfdb-40fb-a276-e1f3bd5f0568:116 root 1712563137794
